{"/Users/marcelaobeso/Documents/Edu/gha-ejercicio/index.js": {"path":"/Users/marcelaobeso/Documents/Edu/gha-ejercicio/index.js","statementMap":{"0":{"start":{"line":3,"column":20},"end":{"line":3,"column":38}},"1":{"start":{"line":5,"column":16},"end":{"line":5,"column":19}},"2":{"start":{"line":7,"column":4},"end":{"line":11,"column":5}},"3":{"start":{"line":7,"column":17},"end":{"line":7,"column":18}},"4":{"start":{"line":9,"column":8},"end":{"line":9,"column":57}},"5":{"start":{"line":13,"column":4},"end":{"line":13,"column":17}},"6":{"start":{"line":19,"column":0},"end":{"line":19,"column":41}},"7":{"start":{"line":23,"column":0},"end":{"line":27,"column":3}},"8":{"start":{"line":25,"column":4},"end":{"line":25,"column":59}}},"fnMap":{"0":{"name":"getRandomColor","decl":{"start":{"line":1,"column":9},"end":{"line":1,"column":23}},"loc":{"start":{"line":1,"column":26},"end":{"line":15,"column":1}},"line":1},"1":{"name":"(anonymous_1)","decl":{"start":{"line":23,"column":59},"end":{"line":23,"column":60}},"loc":{"start":{"line":23,"column":65},"end":{"line":27,"column":1}},"line":23}},"branchMap":{},"s":{"0":2,"1":2,"2":2,"3":2,"4":12,"5":2,"6":2,"7":2,"8":1},"f":{"0":2,"1":1},"b":{},"_coverageSchema":"1a1c01bbd47fc00a2c39e90264f33305004495a9","hash":"247132ee017c84e3308094b0f85f7ee1495c2215"}
}
